starting hypoDD (v1.3 - 11/2010)...          Fri Jan 21 15:27:11 20225
Input parameters: (from hypoDD.inp)
  cross dtime file: 1_RES_dt.cc
  catalog dtime file: dt.ct
  station file: stations.dat
  event file: 1_RES_event.sel
  initial locations: hypoDD.loc
  relocated events: hypoDD.reloc
  event pair file: hypoDD.res
  station residual file: hypoDD.sta
  source parameter file: hypoDD.src
  IDATA=  1  IPHASE=  3  MAXDIST=  200.
  MINOBS_CC=   3  MINOBS_CT=   0
  ISTART= 2  ISOLV= 1
  ITER  1- 2: DAMP=  20.0
    WT_CCP=  1.0000  WT_CCS=  0.5000  MAXR_CC= 10.0000  MAXD_CC=   20.00
    WT_CTP=  0.0100  WT_CTS= -9.0000  MAXR_CT= -9.0000  MAXD_CT=   -9.00
  ITER  3- 4: DAMP=  20.0
    WT_CCP=  1.0000  WT_CCS=  0.5000  MAXR_CC=  5.0000  MAXD_CC=    3.00
    WT_CTP=  0.0100  WT_CTS= -9.0000  MAXR_CT= -9.0000  MAXD_CT=   -9.00
  ITER  5- 8: DAMP=  20.0
    WT_CCP=  0.5000  WT_CCS=  1.0000  MAXR_CC=  5.0000  MAXD_CC=    3.00
    WT_CTP=  0.0100  WT_CTS= -9.0000  MAXR_CT= -9.0000  MAXD_CT=   -9.00
  ITER  9-12: DAMP=  20.0
    WT_CCP=  0.5000  WT_CCS=  1.0000  MAXR_CC=  2.0000  MAXD_CC=    3.00
    WT_CTP=  0.0100  WT_CTS= -9.0000  MAXR_CT= -9.0000  MAXD_CT=   -9.00
  MOD_NL=  6  MOD_RATIO= 1.73
    MOD_TOP    MOD_V
      0.000    3.770
      1.000    4.640
      3.000    5.340
      6.000    5.750
     14.000    6.220
     25.000    7.980
 Relocate cluster number            1
 Relocate all events

~ Reading data ...   Fri Jan 21 15:27:11 2022 
# stations total =     69
# stations < maxdist =     67
# cross corr P dtimes =      22 (no org. time corr. for      0 event pairs)
# cross corr S dtimes =      22 (no org. time corr. for      0 event pairs)
# dtimes total =       44
# events after dtime match =          3
# stations =     12

~ clustering ...  
# clustered events =    3
# isolated events =    0

# clusters =    1  for min. number of links set to     3
Cluster    1:     3 events
 21128020   71439381     128170


RELOCATION OF CLUSTER: 1     Fri Jan 21 15:27:11 20225
----------------------
Cluster centroid at:  38.542435  -122.769569   4.590667
# events:    3
# initial trial sources:     3

===ITERATION   1 (  1) Fri Jan 21 15:27:11 20225

Weighting parameters for this iteration:
  wt_ccp=  1.0000  wt_ccs=  0.5000  maxr_cc= 10.0000  maxd_cc=   20.00
  wt_ctp=  0.0100  wt_cts= -9.0000  maxr_ct= -9.0000  maxd_ct=   -9.00
  damp=  20.0

~ getting partials for    12 stations and     3 source(s) ...
~ getting residual vector...
re-weighting ... Fri Jan 21 15:27:11 2022ð
 cc res/dist cutoff:  0.766s/ 20.00km (  0.0%)
no data skipped.

Residual summary of initial data:
 absolute mean [s] = -0.0225
 weighted mean [s] = -0.0201
 absolute variance [s] =     7.9856
 weighted variance [s] =  3.1770
 absolute cc rms [s] =  0.0804
 weighted cc rms [s] (RMSCC) =  0.0705
~ singular value decomposition of G (    48x    12 matrix) ...
~ backsubstitution ...

Residual summary:
 absolute mean [s] = -0.0006 (   -Inf %)
 weighted mean [s] = -0.0003 (   -Inf %)
 absolute variance [s] =     0.0779 (******* %)
 weighted variance [s] =     0.0352 (    Inf %)
 absolute cc rms [s] =  0.0076 ( -90.50 %)
 weighted cc rms [s] =  0.0071 ( -89.91 %)

Location summary:
  mean 2sig-error (x,y,z,t) [m,ms]: 
   13.9   21.4   28.7    4.6 (    0.0    0.0    0.0    0.0)
  mean shift (x,y,z,t) [m,ms] (DX,DY,DZ,DT): 
  111.8  217.0  358.3    1.8 (    0.0    0.0    0.0    0.0)
  cluster centroid at:  38.542439  -122.769569   4.590374
  mean centroid (origin) shift in x,y,z,t [m,ms]: 
   -0.0    0.1   -0.3   -0.0
  (OS in std output gives maximum value.)

More:
  mean phase coherency = 0.982
  mean pick quality =   NaN
  station with largest cc rms: GSS    =    13. ms (RMSST)

Relocation results for this iteration are stored in hypoDD.reloc.001.001
Iteration  1 finished Fri Jan 21 15:27:11 20225

===ITERATION   2 (  2) Fri Jan 21 15:27:11 20225

Weighting parameters for this iteration:
  wt_ccp=  1.0000  wt_ccs=  0.5000  maxr_cc= 10.0000  maxd_cc=   20.00
  wt_ctp=  0.0100  wt_cts= -9.0000  maxr_ct= -9.0000  maxd_ct=   -9.00
  damp=  20.0

~ getting partials for    12 stations and     3 source(s) ...
~ getting residual vector...
re-weighting ... Fri Jan 21 15:27:11 2022ð
 cc res/dist cutoff:  0.065s/ 20.00km (  0.0%)
no data skipped.
~ singular value decomposition of G (    48x    12 matrix) ...
~ backsubstitution ...

Residual summary:
 absolute mean [s] = -0.0000 (   -Inf %)
 weighted mean [s] = -0.0000 (   -Inf %)
 absolute variance [s] =     0.0056 (******* %)
 weighted variance [s] =     0.0020 (    Inf %)
 absolute cc rms [s] =  0.0020 ( -73.25 %)
 weighted cc rms [s] =  0.0017 ( -75.84 %)

Location summary:
  mean 2sig-error (x,y,z,t) [m,ms]: 
    3.3    5.2    6.8    1.1 (  -10.6  -16.2  -21.9   -3.5)
  mean shift (x,y,z,t) [m,ms] (DX,DY,DZ,DT): 
   12.1   18.7   16.7    1.8 (  -99.7 -198.3 -341.6    0.0)
  cluster centroid at:  38.542435  -122.769569   4.590374
  mean centroid (origin) shift in x,y,z,t [m,ms]: 
   -0.0    0.1   -0.3   -0.0
  (OS in std output gives maximum value.)

More:
  mean phase coherency = 0.982
  mean pick quality =   NaN
  station with largest cc rms: GGP    =     3. ms (RMSST)

Relocation results for this iteration are stored in hypoDD.reloc.001.002
Iteration  2 finished Fri Jan 21 15:27:11 20225

===ITERATION   3 (  3) Fri Jan 21 15:27:11 20225

Weighting parameters for this iteration:
  wt_ccp=  1.0000  wt_ccs=  0.5000  maxr_cc=  5.0000  maxd_cc=    3.00
  wt_ctp=  0.0100  wt_cts= -9.0000  maxr_ct= -9.0000  maxd_ct=   -9.00
  damp=  20.0

~ getting partials for    12 stations and     3 source(s) ...
~ getting residual vector...
re-weighting ... Fri Jan 21 15:27:11 2022ð
 cc res/dist cutoff:  0.011s/  3.00km (  0.0%)
no data skipped.
~ singular value decomposition of G (    48x    12 matrix) ...
~ backsubstitution ...

Residual summary:
 absolute mean [s] =  0.0000 (    Inf %)
 weighted mean [s] = -0.0000 (   -Inf %)
 absolute variance [s] =     0.0057 (******* %)
 weighted variance [s] =     0.0019 (    Inf %)
 absolute cc rms [s] =  0.0021 (   1.06 %)
 weighted cc rms [s] =  0.0017 (  -3.46 %)

Location summary:
  mean 2sig-error (x,y,z,t) [m,ms]: 
    3.2    5.0    6.6    1.1 (   -0.1   -0.2   -0.2   -0.1)
  mean shift (x,y,z,t) [m,ms] (DX,DY,DZ,DT): 
    0.2    0.1    0.4    0.0 (  -11.9  -18.5  -16.4   -1.8)
  cluster centroid at:  38.542439  -122.769569   4.590374
  mean centroid (origin) shift in x,y,z,t [m,ms]: 
   -0.0    0.1   -0.3   -0.0
  (OS in std output gives maximum value.)

More:
  mean phase coherency = 0.982
  mean pick quality =   NaN
  station with largest cc rms: GGP    =     3. ms (RMSST)

Relocation results for this iteration are stored in hypoDD.reloc.001.003
Iteration  3 finished Fri Jan 21 15:27:11 20225

===ITERATION   4 (  4) Fri Jan 21 15:27:11 20225

Weighting parameters for this iteration:
  wt_ccp=  1.0000  wt_ccs=  0.5000  maxr_cc=  5.0000  maxd_cc=    3.00
  wt_ctp=  0.0100  wt_cts= -9.0000  maxr_ct= -9.0000  maxd_ct=   -9.00
  damp=  20.0

~ getting partials for    12 stations and     3 source(s) ...
~ getting residual vector...
re-weighting ... Fri Jan 21 15:27:11 2022ð
 cc res/dist cutoff:  0.011s/  3.00km (  0.0%)
no data skipped.
~ singular value decomposition of G (    48x    12 matrix) ...
~ backsubstitution ...

Residual summary:
 absolute mean [s] =  0.0000 (    Inf %)
 weighted mean [s] = -0.0000 (   -Inf %)
 absolute variance [s] =     0.0058 (******* %)
 weighted variance [s] =     0.0018 (    Inf %)
 absolute cc rms [s] =  0.0021 (   0.36 %)
 weighted cc rms [s] =  0.0017 (  -0.32 %)

Location summary:
  mean 2sig-error (x,y,z,t) [m,ms]: 
    3.2    5.0    6.5    1.1 (   -0.0   -0.0   -0.0   -0.0)
  mean shift (x,y,z,t) [m,ms] (DX,DY,DZ,DT): 
    0.2    0.2    0.0    0.0 (    0.0    0.1   -0.3   -0.0)
  cluster centroid at:  38.542435  -122.769569   4.590374
  mean centroid (origin) shift in x,y,z,t [m,ms]: 
   -0.0    0.1   -0.3   -0.0
  (OS in std output gives maximum value.)

More:
  mean phase coherency = 0.982
  mean pick quality =   NaN
  station with largest cc rms: GGP    =     3. ms (RMSST)

Relocation results for this iteration are stored in hypoDD.reloc.001.004
Iteration  4 finished Fri Jan 21 15:27:11 20225

===ITERATION   5 (  5) Fri Jan 21 15:27:11 20225

Weighting parameters for this iteration:
  wt_ccp=  0.5000  wt_ccs=  1.0000  maxr_cc=  5.0000  maxd_cc=    3.00
  wt_ctp=  0.0100  wt_cts= -9.0000  maxr_ct= -9.0000  maxd_ct=   -9.00
  damp=  20.0

~ getting partials for    12 stations and     3 source(s) ...
~ getting residual vector...
re-weighting ... Fri Jan 21 15:27:11 2022ð
 cc res/dist cutoff:  0.011s/  3.00km (  0.0%)
no data skipped.
~ singular value decomposition of G (    48x    12 matrix) ...
~ backsubstitution ...

Residual summary:
 absolute mean [s] = -0.0001 (   -Inf %)
 weighted mean [s] = -0.0000 (   -Inf %)
 absolute variance [s] =     0.0049 (******* %)
 weighted variance [s] =     0.0025 (    Inf %)
 absolute cc rms [s] =  0.0019 (  -7.66 %)
 weighted cc rms [s] =  0.0019 (  16.99 %)

Location summary:
  mean 2sig-error (x,y,z,t) [m,ms]: 
    2.9    4.4    5.7    1.2 (   -0.3   -0.6   -0.9    0.2)
  mean shift (x,y,z,t) [m,ms] (DX,DY,DZ,DT): 
    1.7    4.4    1.7    0.4 (    1.5    4.2    1.6    0.4)
  cluster centroid at:  38.542435  -122.769562   4.590374
  mean centroid (origin) shift in x,y,z,t [m,ms]: 
   -0.0    0.1   -0.3   -0.0
  (OS in std output gives maximum value.)

More:
  mean phase coherency = 0.982
  mean pick quality =   NaN
  station with largest cc rms: NMC    =     3. ms (RMSST)

Relocation results for this iteration are stored in hypoDD.reloc.001.005
Iteration  5 finished Fri Jan 21 15:27:11 20225

===ITERATION   6 (  6) Fri Jan 21 15:27:11 20225

Weighting parameters for this iteration:
  wt_ccp=  0.5000  wt_ccs=  1.0000  maxr_cc=  5.0000  maxd_cc=    3.00
  wt_ctp=  0.0100  wt_cts= -9.0000  maxr_ct= -9.0000  maxd_ct=   -9.00
  damp=  20.0

~ getting partials for    12 stations and     3 source(s) ...
~ getting residual vector...
re-weighting ... Fri Jan 21 15:27:11 2022ð
 cc res/dist cutoff:  0.011s/  3.00km (  0.0%)
no data skipped.
~ singular value decomposition of G (    48x    12 matrix) ...
~ backsubstitution ...

Residual summary:
 absolute mean [s] = -0.0001 (   -Inf %)
 weighted mean [s] = -0.0000 (   -Inf %)
 absolute variance [s] =     0.0050 (******* %)
 weighted variance [s] =     0.0025 (    Inf %)
 absolute cc rms [s] =  0.0019 (   0.90 %)
 weighted cc rms [s] =  0.0019 (   0.68 %)

Location summary:
  mean 2sig-error (x,y,z,t) [m,ms]: 
    2.9    4.4    5.7    1.3 (   -0.0   -0.0    0.1    0.0)
  mean shift (x,y,z,t) [m,ms] (DX,DY,DZ,DT): 
    0.2    0.1    0.5    0.0 (   -1.5   -4.4   -1.1   -0.4)
  cluster centroid at:  38.542435  -122.769569   4.590374
  mean centroid (origin) shift in x,y,z,t [m,ms]: 
   -0.0    0.1   -0.3   -0.0
  (OS in std output gives maximum value.)

More:
  mean phase coherency = 0.982
  mean pick quality =   NaN
  station with largest cc rms: NMC    =     3. ms (RMSST)

Relocation results for this iteration are stored in hypoDD.reloc.001.006
Iteration  6 finished Fri Jan 21 15:27:11 20225

===ITERATION   7 (  7) Fri Jan 21 15:27:11 20225

Weighting parameters for this iteration:
  wt_ccp=  0.5000  wt_ccs=  1.0000  maxr_cc=  5.0000  maxd_cc=    3.00
  wt_ctp=  0.0100  wt_cts= -9.0000  maxr_ct= -9.0000  maxd_ct=   -9.00
  damp=  20.0

~ getting partials for    12 stations and     3 source(s) ...
~ getting residual vector...
re-weighting ... Fri Jan 21 15:27:11 2022ð
 cc res/dist cutoff:  0.011s/  3.00km (  0.0%)
no data skipped.
~ singular value decomposition of G (    48x    12 matrix) ...
~ backsubstitution ...

Residual summary:
 absolute mean [s] = -0.0001 (   -Inf %)
 weighted mean [s] = -0.0001 (   -Inf %)
 absolute variance [s] =     0.0050 (******* %)
 weighted variance [s] =     0.0026 (    Inf %)
 absolute cc rms [s] =  0.0019 (   0.22 %)
 weighted cc rms [s] =  0.0020 (   0.62 %)

Location summary:
  mean 2sig-error (x,y,z,t) [m,ms]: 
    2.9    4.4    5.8    1.3 (    0.0    0.0    0.0    0.0)
  mean shift (x,y,z,t) [m,ms] (DX,DY,DZ,DT): 
    0.2    0.0    0.2    0.0 (   -0.0   -0.0   -0.3   -0.0)
  cluster centroid at:  38.542435  -122.769569   4.590374
  mean centroid (origin) shift in x,y,z,t [m,ms]: 
   -0.0    0.1   -0.3   -0.0
  (OS in std output gives maximum value.)

More:
  mean phase coherency = 0.982
  mean pick quality =   NaN
  station with largest cc rms: NMC    =     3. ms (RMSST)

Relocation results for this iteration are stored in hypoDD.reloc.001.007
Iteration  7 finished Fri Jan 21 15:27:11 20225

===ITERATION   8 (  8) Fri Jan 21 15:27:11 20225

Weighting parameters for this iteration:
  wt_ccp=  0.5000  wt_ccs=  1.0000  maxr_cc=  5.0000  maxd_cc=    3.00
  wt_ctp=  0.0100  wt_cts= -9.0000  maxr_ct= -9.0000  maxd_ct=   -9.00
  damp=  20.0

~ getting partials for    12 stations and     3 source(s) ...
~ getting residual vector...
re-weighting ... Fri Jan 21 15:27:11 2022ð
 cc res/dist cutoff:  0.012s/  3.00km (  0.0%)
no data skipped.
~ singular value decomposition of G (    48x    12 matrix) ...
~ backsubstitution ...

Residual summary:
 absolute mean [s] = -0.0002 (   -Inf %)
 weighted mean [s] = -0.0001 (   -Inf %)
 absolute variance [s] =     0.0050 (******* %)
 weighted variance [s] =     0.0027 (    Inf %)
 absolute cc rms [s] =  0.0019 (   0.10 %)
 weighted cc rms [s] =  0.0020 (   0.94 %)

Location summary:
  mean 2sig-error (x,y,z,t) [m,ms]: 
    2.9    4.5    5.8    1.3 (    0.0    0.0    0.0    0.0)
  mean shift (x,y,z,t) [m,ms] (DX,DY,DZ,DT): 
    0.1    0.0    0.1    0.0 (   -0.1    0.0   -0.2   -0.0)
  cluster centroid at:  38.542435  -122.769569   4.590374
  mean centroid (origin) shift in x,y,z,t [m,ms]: 
   -0.0    0.1   -0.3   -0.0
  (OS in std output gives maximum value.)

More:
  mean phase coherency = 0.982
  mean pick quality =   NaN
  station with largest cc rms: NMC    =     3. ms (RMSST)

Relocation results for this iteration are stored in hypoDD.reloc.001.008
Iteration  8 finished Fri Jan 21 15:27:11 20225

===ITERATION   9 (  9) Fri Jan 21 15:27:11 20225

Weighting parameters for this iteration:
  wt_ccp=  0.5000  wt_ccs=  1.0000  maxr_cc=  2.0000  maxd_cc=    3.00
  wt_ctp=  0.0100  wt_cts= -9.0000  maxr_ct= -9.0000  maxd_ct=   -9.00
  damp=  20.0

~ getting partials for    12 stations and     3 source(s) ...
~ getting residual vector...
re-weighting ... Fri Jan 21 15:27:11 2022ð
 cc res/dist cutoff:  0.005s/  3.00km (  0.0%)
no data skipped.
~ singular value decomposition of G (    48x    12 matrix) ...
~ backsubstitution ...

Residual summary:
 absolute mean [s] = -0.0004 (   -Inf %)
 weighted mean [s] = -0.0001 (   -Inf %)
 absolute variance [s] =     0.0053 (******* %)
 weighted variance [s] =     0.0008 (    Inf %)
 absolute cc rms [s] =  0.0020 (   4.44 %)
 weighted cc rms [s] =  0.0014 ( -29.82 %)

Location summary:
  mean 2sig-error (x,y,z,t) [m,ms]: 
    2.0    2.9    4.1    0.8 (   -0.9   -1.6   -1.7   -0.5)
  mean shift (x,y,z,t) [m,ms] (DX,DY,DZ,DT): 
    0.8    0.5    1.3    0.1 (    0.7    0.4    1.2    0.1)
  cluster centroid at:  38.542435  -122.769569   4.590373
  mean centroid (origin) shift in x,y,z,t [m,ms]: 
   -0.0    0.1   -0.3   -0.0
  (OS in std output gives maximum value.)

More:
  mean phase coherency = 0.982
  mean pick quality =   NaN
  station with largest cc rms: GGP    =     3. ms (RMSST)

Relocation results for this iteration are stored in hypoDD.reloc.001.009
Iteration  9 finished Fri Jan 21 15:27:11 20225

===ITERATION  10 ( 10) Fri Jan 21 15:27:11 20225

Weighting parameters for this iteration:
  wt_ccp=  0.5000  wt_ccs=  1.0000  maxr_cc=  2.0000  maxd_cc=    3.00
  wt_ctp=  0.0100  wt_cts= -9.0000  maxr_ct= -9.0000  maxd_ct=   -9.00
  damp=  20.0

~ getting partials for    12 stations and     3 source(s) ...
~ getting residual vector...
re-weighting ... Fri Jan 21 15:27:11 2022ð
 cc res/dist cutoff:  0.004s/  3.00km (  6.8%)
skipping data...
# obs =        41 ( 93.2%)
# events =         3
# stations =        12
~ singular value decomposition of G (    45x    12 matrix) ...
~ backsubstitution ...

Residual summary:
 absolute mean [s] = -0.0003 (   -Inf %)
 weighted mean [s] = -0.0000 (   -Inf %)
 absolute variance [s] =     0.0041 (******* %)
 weighted variance [s] =     0.0006 (    Inf %)
 absolute cc rms [s] =  0.0017 ( -13.69 %)
 weighted cc rms [s] =  0.0012 ( -14.34 %)

Location summary:
  mean 2sig-error (x,y,z,t) [m,ms]: 
    1.8    2.5    3.8    3.4 (   -0.2   -0.4   -0.4    2.7)
  mean shift (x,y,z,t) [m,ms] (DX,DY,DZ,DT): 
    0.7    0.1    0.4    0.9 (   -0.1   -0.4   -0.9    0.8)
  cluster centroid at:  38.542435  -122.769562   4.590374
  mean centroid (origin) shift in x,y,z,t [m,ms]: 
   -0.0    0.1   -0.3    0.9
  (OS in std output gives maximum value.)

More:
  mean phase coherency = 0.982
  mean pick quality =   NaN
  station with largest cc rms: GGP    =     3. ms (RMSST)

Relocation results for this iteration are stored in hypoDD.reloc.001.010
Iteration 10 finished Fri Jan 21 15:27:11 20225

===ITERATION  11 ( 11) Fri Jan 21 15:27:11 20225

Weighting parameters for this iteration:
  wt_ccp=  0.5000  wt_ccs=  1.0000  maxr_cc=  2.0000  maxd_cc=    3.00
  wt_ctp=  0.0100  wt_cts= -9.0000  maxr_ct= -9.0000  maxd_ct=   -9.00
  damp=  20.0

~ getting partials for    12 stations and     3 source(s) ...
~ getting residual vector...
re-weighting ... Fri Jan 21 15:27:11 2022ð
 cc res/dist cutoff:  0.003s/  3.00km (  4.9%)
skipping data...
# obs =        39 (  Inf%)
# events =         3
# stations =        12
~ singular value decomposition of G (    43x    12 matrix) ...
~ backsubstitution ...

Residual summary:
 absolute mean [s] =  0.0001 (    Inf %)
 weighted mean [s] = -0.0000 (   -Inf %)
 absolute variance [s] =     0.0045 (******* %)
 weighted variance [s] =     0.0002 (    Inf %)
 absolute cc rms [s] =  0.0018 (   2.67 %)
 weighted cc rms [s] =  0.0008 ( -35.32 %)

Location summary:
  mean 2sig-error (x,y,z,t) [m,ms]: 
    1.2    1.5    2.5    3.1 (   -0.6   -1.0   -1.3   -0.3)
  mean shift (x,y,z,t) [m,ms] (DX,DY,DZ,DT): 
    1.6    0.1    1.8    0.3 (    1.0    0.0    1.4   -0.5)
  cluster centroid at:  38.542439  -122.769569   4.590744
  mean centroid (origin) shift in x,y,z,t [m,ms]: 
   -0.0    0.1    0.1    0.5
  (OS in std output gives maximum value.)

More:
  mean phase coherency = 0.982
  mean pick quality =   NaN
  station with largest cc rms: NMC    =     3. ms (RMSST)

Relocation results for this iteration are stored in hypoDD.reloc.001.011
Iteration 11 finished Fri Jan 21 15:27:11 20225

===ITERATION  12 ( 12) Fri Jan 21 15:27:11 20225

Weighting parameters for this iteration:
  wt_ccp=  0.5000  wt_ccs=  1.0000  maxr_cc=  2.0000  maxd_cc=    3.00
  wt_ctp=  0.0100  wt_cts= -9.0000  maxr_ct= -9.0000  maxd_ct=   -9.00
  damp=  20.0

~ getting partials for    12 stations and     3 source(s) ...
~ getting residual vector...
re-weighting ... Fri Jan 21 15:27:11 2022ð
 cc res/dist cutoff:  0.002s/  3.00km ( 28.2%)
skipping data...
# obs =        28 (  Inf%)
# events =         3
# stations =        12
~ singular value decomposition of G (    32x    12 matrix) ...
~ backsubstitution ...

Residual summary:
 absolute mean [s] = -0.0000 (   -Inf %)
 weighted mean [s] =  0.0000 (    Inf %)
 absolute variance [s] =     0.0011 (******* %)
 weighted variance [s] =     0.0001 (    Inf %)
 absolute cc rms [s] =  0.0008 ( -55.69 %)
 weighted cc rms [s] =  0.0004 ( -42.68 %)

Location summary:
  mean 2sig-error (x,y,z,t) [m,ms]: 
    0.9    1.2    1.9    0.3 (   -0.3   -0.4   -0.6   -2.8)
  mean shift (x,y,z,t) [m,ms] (DX,DY,DZ,DT): 
    0.4    0.2    0.6    0.1 (   -1.2    0.0   -1.1   -0.2)
  cluster centroid at:  38.542435  -122.769562   4.590744
  mean centroid (origin) shift in x,y,z,t [m,ms]: 
   -0.0    0.1    0.1    0.5
  (OS in std output gives maximum value.)

More:
  mean phase coherency = 0.982
  mean pick quality =   NaN
  station with largest cc rms: GAX    =     2. ms (RMSST)

Relocation results for this iteration are stored in hypoDD.reloc.001.012
Iteration 12 finished Fri Jan 21 15:27:11 20225
