starting hypoDD (v1.3 - 11/2010)...          Wed May 11 14:08:35 20225
Input parameters: (from hypoDD.inp)
  cross dtime file: 0_RES_dt.cc
  catalog dtime file: dt.ct
  station file: stations.dat
  event file: 0_RES_event.sel
  initial locations: hypoDD.loc
  relocated events: hypoDD.reloc
  event pair file: hypoDD.res
  station residual file: hypoDD.sta
  source parameter file: hypoDD.src
  IDATA=  1  IPHASE=  3  MAXDIST=  200.
  MINOBS_CC=   3  MINOBS_CT=   0
  ISTART= 2  ISOLV= 1
  ITER  1- 2: DAMP=  20.0
    WT_CCP=  1.0000  WT_CCS=  0.5000  MAXR_CC= 10.0000  MAXD_CC=   20.00
    WT_CTP=  0.0100  WT_CTS= -9.0000  MAXR_CT= -9.0000  MAXD_CT=   -9.00
  ITER  3- 4: DAMP=  20.0
    WT_CCP=  1.0000  WT_CCS=  0.5000  MAXR_CC=  5.0000  MAXD_CC=    3.00
    WT_CTP=  0.0100  WT_CTS= -9.0000  MAXR_CT= -9.0000  MAXD_CT=   -9.00
  ITER  5- 8: DAMP=  20.0
    WT_CCP=  0.5000  WT_CCS=  1.0000  MAXR_CC=  5.0000  MAXD_CC=    3.00
    WT_CTP=  0.0100  WT_CTS= -9.0000  MAXR_CT= -9.0000  MAXD_CT=   -9.00
  ITER  9-12: DAMP=  20.0
    WT_CCP=  0.5000  WT_CCS=  1.0000  MAXR_CC=  2.0000  MAXD_CC=    3.00
    WT_CTP=  0.0100  WT_CTS= -9.0000  MAXR_CT= -9.0000  MAXD_CT=   -9.00
  MOD_NL=  6  MOD_RATIO= 1.73
    MOD_TOP    MOD_V
      0.000    3.770
      1.000    4.640
      3.000    5.340
      6.000    5.750
     14.000    6.220
     25.000    7.980
 Relocate cluster number            1
 Relocate all events

~ Reading data ...   Wed May 11 14:08:35 2022 
# stations total =     69
# stations < maxdist =     67
# cross corr P dtimes =      60 (no org. time corr. for      0 event pairs)
# cross corr S dtimes =      60 (no org. time corr. for      0 event pairs)
# dtimes total =      120
# events after dtime match =          4
# stations =     25

~ clustering ...  
# clustered events =    4
# isolated events =    0

# clusters =    1  for min. number of links set to     3
Cluster    1:     4 events
   484038   21442564   72388871     122842


RELOCATION OF CLUSTER: 1     Wed May 11 14:08:35 20225
----------------------
Cluster centroid at:  38.887650  -122.995148   1.493500
# events:    4
# initial trial sources:     4

===ITERATION   1 (  1) Wed May 11 14:08:35 20225

Weighting parameters for this iteration:
  wt_ccp=  1.0000  wt_ccs=  0.5000  maxr_cc= 10.0000  maxd_cc=   20.00
  wt_ctp=  0.0100  wt_cts= -9.0000  maxr_ct= -9.0000  maxd_ct=   -9.00
  damp=  20.0

~ getting partials for    25 stations and     4 source(s) ...
~ getting residual vector...
re-weighting ... Wed May 11 14:08:35 2022P
 cc res/dist cutoff:  2.104s/ 20.00km (  0.0%)
no data skipped.

Residual summary of initial data:
 absolute mean [s] =  0.0061
 weighted mean [s] =  0.0053
 absolute variance [s] =    34.8105
 weighted variance [s] = 13.8661
 absolute cc rms [s] =  0.1745
 weighted cc rms [s] (RMSCC) =  0.1531
~ singular value decomposition of G (   124x    16 matrix) ...
~ backsubstitution ...

Residual summary:
 absolute mean [s] =  0.0028 (    Inf %)
 weighted mean [s] =  0.0015 (    Inf %)
 absolute variance [s] =     0.9186 (******* %)
 weighted variance [s] =     0.3658 (    Inf %)
 absolute cc rms [s] =  0.0285 ( -83.69 %)
 weighted cc rms [s] =  0.0249 ( -83.74 %)

Location summary:
  mean 2sig-error (x,y,z,t) [m,ms]: 
   37.3   32.0   99.9   19.0 (    0.0    0.0    0.0    0.0)
  mean shift (x,y,z,t) [m,ms] (DX,DY,DZ,DT): 
  176.0   26.3  452.8   13.0 (    0.0    0.0    0.0    0.0)
  cluster centroid at:  38.887653  -122.995155   1.492932
  mean centroid (origin) shift in x,y,z,t [m,ms]: 
   -0.4    0.2   -0.3    0.0
  (OS in std output gives maximum value.)

More:
  mean phase coherency = 0.980
  mean pick quality =   NaN
  station with largest cc rms: GAC    =    89. ms (RMSST)

Relocation results for this iteration are stored in hypoDD.reloc.001.001
Iteration  1 finished Wed May 11 14:08:35 20225

===ITERATION   2 (  2) Wed May 11 14:08:35 20225

Weighting parameters for this iteration:
  wt_ccp=  1.0000  wt_ccs=  0.5000  maxr_cc= 10.0000  maxd_cc=   20.00
  wt_ctp=  0.0100  wt_cts= -9.0000  maxr_ct= -9.0000  maxd_ct=   -9.00
  damp=  20.0

~ getting partials for    25 stations and     4 source(s) ...
~ getting residual vector...
re-weighting ... Wed May 11 14:08:35 2022P
 cc res/dist cutoff:  0.393s/ 20.00km (  0.0%)
no data skipped.
~ singular value decomposition of G (   124x    16 matrix) ...
~ backsubstitution ...

Residual summary:
 absolute mean [s] =  0.0000 (    Inf %)
 weighted mean [s] = -0.0000 (   -Inf %)
 absolute variance [s] =     0.0193 (******* %)
 weighted variance [s] =     0.0071 (    Inf %)
 absolute cc rms [s] =  0.0041 ( -85.59 %)
 weighted cc rms [s] =  0.0035 ( -86.05 %)

Location summary:
  mean 2sig-error (x,y,z,t) [m,ms]: 
    5.4    4.5   14.6    2.2 (  -31.9  -27.5  -85.3  -16.8)
  mean shift (x,y,z,t) [m,ms] (DX,DY,DZ,DT): 
   32.2   20.2   76.7   12.7 ( -143.9   -6.0 -376.1   -0.4)
  cluster centroid at:  38.887653  -122.995155   1.492933
  mean centroid (origin) shift in x,y,z,t [m,ms]: 
   -0.4    0.2   -0.3    0.0
  (OS in std output gives maximum value.)

More:
  mean phase coherency = 0.980
  mean pick quality =   NaN
  station with largest cc rms: GSG    =     8. ms (RMSST)

Relocation results for this iteration are stored in hypoDD.reloc.001.002
Iteration  2 finished Wed May 11 14:08:35 20225

===ITERATION   3 (  3) Wed May 11 14:08:35 20225

Weighting parameters for this iteration:
  wt_ccp=  1.0000  wt_ccs=  0.5000  maxr_cc=  5.0000  maxd_cc=    3.00
  wt_ctp=  0.0100  wt_cts= -9.0000  maxr_ct= -9.0000  maxd_ct=   -9.00
  damp=  20.0

~ getting partials for    25 stations and     4 source(s) ...
~ getting residual vector...
re-weighting ... Wed May 11 14:08:35 2022P
 cc res/dist cutoff:  0.017s/  3.00km (  0.0%)
no data skipped.
~ singular value decomposition of G (   124x    16 matrix) ...
~ backsubstitution ...

Residual summary:
 absolute mean [s] =  0.0000 (    Inf %)
 weighted mean [s] = -0.0001 (   -Inf %)
 absolute variance [s] =     0.0206 (******* %)
 weighted variance [s] =     0.0051 (    Inf %)
 absolute cc rms [s] =  0.0042 (   3.45 %)
 weighted cc rms [s] =  0.0030 ( -12.23 %)

Location summary:
  mean 2sig-error (x,y,z,t) [m,ms]: 
    4.9    3.9   13.0    1.9 (   -0.5   -0.6   -1.6   -0.3)
  mean shift (x,y,z,t) [m,ms] (DX,DY,DZ,DT): 
    1.3    1.0    1.2    0.1 (  -30.8  -19.2  -75.5  -12.5)
  cluster centroid at:  38.887650  -122.995155   1.492933
  mean centroid (origin) shift in x,y,z,t [m,ms]: 
   -0.4    0.2   -0.3    0.0
  (OS in std output gives maximum value.)

More:
  mean phase coherency = 0.980
  mean pick quality =   NaN
  station with largest cc rms: GSG    =     8. ms (RMSST)

Relocation results for this iteration are stored in hypoDD.reloc.001.003
Iteration  3 finished Wed May 11 14:08:35 20225

===ITERATION   4 (  4) Wed May 11 14:08:35 20225

Weighting parameters for this iteration:
  wt_ccp=  1.0000  wt_ccs=  0.5000  maxr_cc=  5.0000  maxd_cc=    3.00
  wt_ctp=  0.0100  wt_cts= -9.0000  maxr_ct= -9.0000  maxd_ct=   -9.00
  damp=  20.0

~ getting partials for    25 stations and     4 source(s) ...
~ getting residual vector...
re-weighting ... Wed May 11 14:08:35 2022P
 cc res/dist cutoff:  0.018s/  3.00km (  0.0%)
no data skipped.
~ singular value decomposition of G (   124x    16 matrix) ...
~ backsubstitution ...

Residual summary:
 absolute mean [s] =  0.0000 (    Inf %)
 weighted mean [s] = -0.0001 (   -Inf %)
 absolute variance [s] =     0.0211 (******* %)
 weighted variance [s] =     0.0052 (    Inf %)
 absolute cc rms [s] =  0.0043 (   1.13 %)
 weighted cc rms [s] =  0.0031 (   0.53 %)

Location summary:
  mean 2sig-error (x,y,z,t) [m,ms]: 
    4.9    3.9   13.0    1.9 (    0.0    0.0    0.0    0.0)
  mean shift (x,y,z,t) [m,ms] (DX,DY,DZ,DT): 
    0.5    0.2    0.2    0.0 (   -0.8   -0.8   -1.0   -0.1)
  cluster centroid at:  38.887653  -122.995163   1.492933
  mean centroid (origin) shift in x,y,z,t [m,ms]: 
   -0.4    0.2   -0.3    0.0
  (OS in std output gives maximum value.)

More:
  mean phase coherency = 0.980
  mean pick quality =   NaN
  station with largest cc rms: GSG    =     8. ms (RMSST)

Relocation results for this iteration are stored in hypoDD.reloc.001.004
Iteration  4 finished Wed May 11 14:08:35 20225

===ITERATION   5 (  5) Wed May 11 14:08:35 20225

Weighting parameters for this iteration:
  wt_ccp=  0.5000  wt_ccs=  1.0000  maxr_cc=  5.0000  maxd_cc=    3.00
  wt_ctp=  0.0100  wt_cts= -9.0000  maxr_ct= -9.0000  maxd_ct=   -9.00
  damp=  20.0

~ getting partials for    25 stations and     4 source(s) ...
~ getting residual vector...
re-weighting ... Wed May 11 14:08:35 2022P
 cc res/dist cutoff:  0.019s/  3.00km (  0.0%)
no data skipped.
~ singular value decomposition of G (   124x    16 matrix) ...
~ backsubstitution ...

Residual summary:
 absolute mean [s] =  0.0002 (    Inf %)
 weighted mean [s] =  0.0000 (    Inf %)
 absolute variance [s] =     0.0175 (******* %)
 weighted variance [s] =     0.0076 (    Inf %)
 absolute cc rms [s] =  0.0039 (  -8.69 %)
 weighted cc rms [s] =  0.0038 (  24.61 %)

Location summary:
  mean 2sig-error (x,y,z,t) [m,ms]: 
    4.7    3.7   13.1    2.5 (   -0.1   -0.2    0.0    0.6)
  mean shift (x,y,z,t) [m,ms] (DX,DY,DZ,DT): 
    4.9    4.0    1.2    0.4 (    4.4    3.8    1.0    0.4)
  cluster centroid at:  38.887653  -122.995155   1.492933
  mean centroid (origin) shift in x,y,z,t [m,ms]: 
   -0.4    0.2   -0.3    0.0
  (OS in std output gives maximum value.)

More:
  mean phase coherency = 0.980
  mean pick quality =   NaN
  station with largest cc rms: GSG    =     8. ms (RMSST)

Relocation results for this iteration are stored in hypoDD.reloc.001.005
Iteration  5 finished Wed May 11 14:08:35 20225

===ITERATION   6 (  6) Wed May 11 14:08:35 20225

Weighting parameters for this iteration:
  wt_ccp=  0.5000  wt_ccs=  1.0000  maxr_cc=  5.0000  maxd_cc=    3.00
  wt_ctp=  0.0100  wt_cts= -9.0000  maxr_ct= -9.0000  maxd_ct=   -9.00
  damp=  20.0

~ getting partials for    25 stations and     4 source(s) ...
~ getting residual vector...
re-weighting ... Wed May 11 14:08:35 2022P
 cc res/dist cutoff:  0.017s/  3.00km (  0.0%)
no data skipped.
~ singular value decomposition of G (   124x    16 matrix) ...
~ backsubstitution ...

Residual summary:
 absolute mean [s] =  0.0002 (    Inf %)
 weighted mean [s] =  0.0001 (    Inf %)
 absolute variance [s] =     0.0178 (******* %)
 weighted variance [s] =     0.0071 (    Inf %)
 absolute cc rms [s] =  0.0040 (   0.87 %)
 weighted cc rms [s] =  0.0037 (  -4.05 %)

Location summary:
  mean 2sig-error (x,y,z,t) [m,ms]: 
    4.5    3.5   12.4    2.4 (   -0.3   -0.2   -0.6   -0.1)
  mean shift (x,y,z,t) [m,ms] (DX,DY,DZ,DT): 
    2.7    1.2    2.9    0.3 (   -2.2   -2.8    1.7   -0.1)
  cluster centroid at:  38.887653  -122.995155   1.492933
  mean centroid (origin) shift in x,y,z,t [m,ms]: 
   -0.4    0.2   -0.3    0.0
  (OS in std output gives maximum value.)

More:
  mean phase coherency = 0.980
  mean pick quality =   NaN
  station with largest cc rms: GSG    =     8. ms (RMSST)

Relocation results for this iteration are stored in hypoDD.reloc.001.006
Iteration  6 finished Wed May 11 14:08:35 20225

===ITERATION   7 (  7) Wed May 11 14:08:35 20225

Weighting parameters for this iteration:
  wt_ccp=  0.5000  wt_ccs=  1.0000  maxr_cc=  5.0000  maxd_cc=    3.00
  wt_ctp=  0.0100  wt_cts= -9.0000  maxr_ct= -9.0000  maxd_ct=   -9.00
  damp=  20.0

~ getting partials for    25 stations and     4 source(s) ...
~ getting residual vector...
re-weighting ... Wed May 11 14:08:35 2022P
 cc res/dist cutoff:  0.017s/  3.00km (  0.0%)
no data skipped.
~ singular value decomposition of G (   124x    16 matrix) ...
~ backsubstitution ...

Residual summary:
 absolute mean [s] =  0.0002 (    Inf %)
 weighted mean [s] =  0.0001 (    Inf %)
 absolute variance [s] =     0.0184 (******* %)
 weighted variance [s] =     0.0067 (    Inf %)
 absolute cc rms [s] =  0.0040 (   1.62 %)
 weighted cc rms [s] =  0.0036 (  -2.52 %)

Location summary:
  mean 2sig-error (x,y,z,t) [m,ms]: 
    4.3    3.4   12.1    2.3 (   -0.2   -0.1   -0.4   -0.1)
  mean shift (x,y,z,t) [m,ms] (DX,DY,DZ,DT): 
    1.2    0.3    2.3    0.3 (   -1.5   -0.8   -0.6   -0.0)
  cluster centroid at:  38.887653  -122.995155   1.492933
  mean centroid (origin) shift in x,y,z,t [m,ms]: 
   -0.4    0.2   -0.3    0.0
  (OS in std output gives maximum value.)

More:
  mean phase coherency = 0.980
  mean pick quality =   NaN
  station with largest cc rms: GSG    =     9. ms (RMSST)

Relocation results for this iteration are stored in hypoDD.reloc.001.007
Iteration  7 finished Wed May 11 14:08:35 20225

===ITERATION   8 (  8) Wed May 11 14:08:35 20225

Weighting parameters for this iteration:
  wt_ccp=  0.5000  wt_ccs=  1.0000  maxr_cc=  5.0000  maxd_cc=    3.00
  wt_ctp=  0.0100  wt_cts= -9.0000  maxr_ct= -9.0000  maxd_ct=   -9.00
  damp=  20.0

~ getting partials for    25 stations and     4 source(s) ...
~ getting residual vector...
re-weighting ... Wed May 11 14:08:35 2022P
 cc res/dist cutoff:  0.018s/  3.00km (  0.0%)
no data skipped.
~ singular value decomposition of G (   124x    16 matrix) ...
~ backsubstitution ...

Residual summary:
 absolute mean [s] =  0.0002 (    Inf %)
 weighted mean [s] =  0.0001 (    Inf %)
 absolute variance [s] =     0.0186 (******* %)
 weighted variance [s] =     0.0071 (    Inf %)
 absolute cc rms [s] =  0.0040 (   0.51 %)
 weighted cc rms [s] =  0.0036 (   1.94 %)

Location summary:
  mean 2sig-error (x,y,z,t) [m,ms]: 
    4.4    3.5   12.3    2.4 (    0.1    0.1    0.2    0.1)
  mean shift (x,y,z,t) [m,ms] (DX,DY,DZ,DT): 
    0.5    0.1    0.4    0.1 (   -0.7   -0.2   -1.8   -0.2)
  cluster centroid at:  38.887653  -122.995155   1.492933
  mean centroid (origin) shift in x,y,z,t [m,ms]: 
   -0.4    0.2   -0.3    0.0
  (OS in std output gives maximum value.)

More:
  mean phase coherency = 0.980
  mean pick quality =   NaN
  station with largest cc rms: GSG    =     9. ms (RMSST)

Relocation results for this iteration are stored in hypoDD.reloc.001.008
Iteration  8 finished Wed May 11 14:08:35 20225

===ITERATION   9 (  9) Wed May 11 14:08:35 20225

Weighting parameters for this iteration:
  wt_ccp=  0.5000  wt_ccs=  1.0000  maxr_cc=  2.0000  maxd_cc=    3.00
  wt_ctp=  0.0100  wt_cts= -9.0000  maxr_ct= -9.0000  maxd_ct=   -9.00
  damp=  20.0

~ getting partials for    25 stations and     4 source(s) ...
~ getting residual vector...
re-weighting ... Wed May 11 14:08:35 2022P
 cc res/dist cutoff:  0.007s/  3.00km (  6.7%)
skipping data...
# obs =       112 ( 93.3%)
# events =         4
# stations =        25
~ singular value decomposition of G (   116x    16 matrix) ...
~ backsubstitution ...

Residual summary:
 absolute mean [s] =  0.0005 (    Inf %)
 weighted mean [s] =  0.0002 (    Inf %)
 absolute variance [s] =     0.0120 (******* %)
 weighted variance [s] =     0.0016 (    Inf %)
 absolute cc rms [s] =  0.0033 ( -19.25 %)
 weighted cc rms [s] =  0.0022 ( -40.76 %)

Location summary:
  mean 2sig-error (x,y,z,t) [m,ms]: 
    2.7    1.9    7.5    1.3 (   -1.7   -1.6   -4.8   -1.1)
  mean shift (x,y,z,t) [m,ms] (DX,DY,DZ,DT): 
    1.1    0.8    2.2    0.2 (    0.6    0.7    1.8    0.1)
  cluster centroid at:  38.887653  -122.995155   1.492933
  mean centroid (origin) shift in x,y,z,t [m,ms]: 
   -0.4    0.2   -0.3    0.0
  (OS in std output gives maximum value.)

More:
  mean phase coherency = 0.981
  mean pick quality =   NaN
  station with largest cc rms: GBG    =     6. ms (RMSST)

Relocation results for this iteration are stored in hypoDD.reloc.001.009
Iteration  9 finished Wed May 11 14:08:35 20225

===ITERATION  10 ( 10) Wed May 11 14:08:35 20225

Weighting parameters for this iteration:
  wt_ccp=  0.5000  wt_ccs=  1.0000  maxr_cc=  2.0000  maxd_cc=    3.00
  wt_ctp=  0.0100  wt_cts= -9.0000  maxr_ct= -9.0000  maxd_ct=   -9.00
  damp=  20.0

~ getting partials for    25 stations and     4 source(s) ...
~ getting residual vector...
re-weighting ... Wed May 11 14:08:35 2022P
 cc res/dist cutoff:  0.006s/  3.00km (  4.5%)
skipping data...
# obs =       107 (  Inf%)
# events =         4
# stations =        25
~ singular value decomposition of G (   111x    16 matrix) ...
~ backsubstitution ...

Residual summary:
 absolute mean [s] =  0.0003 (    Inf %)
 weighted mean [s] =  0.0001 (    Inf %)
 absolute variance [s] =     0.0103 (******* %)
 weighted variance [s] =     0.0013 (    Inf %)
 absolute cc rms [s] =  0.0030 (  -8.32 %)
 weighted cc rms [s] =  0.0020 (  -9.26 %)

Location summary:
  mean 2sig-error (x,y,z,t) [m,ms]: 
    2.4    1.8    6.8    1.2 (   -0.3   -0.1   -0.7   -0.1)
  mean shift (x,y,z,t) [m,ms] (DX,DY,DZ,DT): 
    0.6    0.2    2.3    0.3 (   -0.6   -0.5    0.0    0.1)
  cluster centroid at:  38.887653  -122.995155   1.492933
  mean centroid (origin) shift in x,y,z,t [m,ms]: 
   -0.4    0.2   -0.3    0.0
  (OS in std output gives maximum value.)

More:
  mean phase coherency = 0.981
  mean pick quality =   NaN
  station with largest cc rms: GCV    =     5. ms (RMSST)

Relocation results for this iteration are stored in hypoDD.reloc.001.010
Iteration 10 finished Wed May 11 14:08:35 20225

===ITERATION  11 ( 11) Wed May 11 14:08:35 20225

Weighting parameters for this iteration:
  wt_ccp=  0.5000  wt_ccs=  1.0000  maxr_cc=  2.0000  maxd_cc=    3.00
  wt_ctp=  0.0100  wt_cts= -9.0000  maxr_ct= -9.0000  maxd_ct=   -9.00
  damp=  20.0

~ getting partials for    25 stations and     4 source(s) ...
~ getting residual vector...
re-weighting ... Wed May 11 14:08:35 2022P
 cc res/dist cutoff:  0.006s/  3.00km (  8.4%)
skipping data...
# obs =        98 (  Inf%)
# events =         4
# stations =        25
~ singular value decomposition of G (   102x    16 matrix) ...
~ backsubstitution ...

Residual summary:
 absolute mean [s] =  0.0003 (    Inf %)
 weighted mean [s] = -0.0000 (   -Inf %)
 absolute variance [s] =     0.0075 (******* %)
 weighted variance [s] =     0.0011 (    Inf %)
 absolute cc rms [s] =  0.0025 ( -15.33 %)
 weighted cc rms [s] =  0.0018 ( -10.21 %)

Location summary:
  mean 2sig-error (x,y,z,t) [m,ms]: 
    2.3    1.7    6.5    1.2 (   -0.1   -0.1   -0.3   -0.1)
  mean shift (x,y,z,t) [m,ms] (DX,DY,DZ,DT): 
    0.9    0.3    1.4    0.2 (    0.3    0.1   -0.9   -0.1)
  cluster centroid at:  38.887653  -122.995155   1.492933
  mean centroid (origin) shift in x,y,z,t [m,ms]: 
   -0.4    0.2   -0.3    0.0
  (OS in std output gives maximum value.)

More:
  mean phase coherency = 0.981
  mean pick quality =   NaN
  station with largest cc rms: NMW    =     4. ms (RMSST)

Relocation results for this iteration are stored in hypoDD.reloc.001.011
Iteration 11 finished Wed May 11 14:08:35 20225

===ITERATION  12 ( 12) Wed May 11 14:08:35 20225

Weighting parameters for this iteration:
  wt_ccp=  0.5000  wt_ccs=  1.0000  maxr_cc=  2.0000  maxd_cc=    3.00
  wt_ctp=  0.0100  wt_cts= -9.0000  maxr_ct= -9.0000  maxd_ct=   -9.00
  damp=  20.0

~ getting partials for    25 stations and     4 source(s) ...
~ getting residual vector...
re-weighting ... Wed May 11 14:08:35 2022P
 cc res/dist cutoff:  0.005s/  3.00km (  9.2%)
skipping data...
# obs =        89 (  Inf%)
# events =         4
# stations =        25
~ singular value decomposition of G (    93x    16 matrix) ...
~ backsubstitution ...

Residual summary:
 absolute mean [s] = -0.0000 (   -Inf %)
 weighted mean [s] =  0.0000 (    Inf %)
 absolute variance [s] =     0.0054 (******* %)
 weighted variance [s] =     0.0008 (    Inf %)
 absolute cc rms [s] =  0.0021 ( -16.41 %)
 weighted cc rms [s] =  0.0014 ( -17.88 %)

Location summary:
  mean 2sig-error (x,y,z,t) [m,ms]: 
    2.0    1.5    5.6    1.0 (   -0.3   -0.2   -0.9   -0.2)
  mean shift (x,y,z,t) [m,ms] (DX,DY,DZ,DT): 
    1.1    0.3    1.1    0.2 (    0.2   -0.0   -0.3    0.0)
  cluster centroid at:  38.887653  -122.995155   1.492933
  mean centroid (origin) shift in x,y,z,t [m,ms]: 
   -0.4    0.2   -0.3    0.0
  (OS in std output gives maximum value.)

More:
  mean phase coherency = 0.982
  mean pick quality =   NaN
  station with largest cc rms: GGP    =     3. ms (RMSST)

Relocation results for this iteration are stored in hypoDD.reloc.001.012
Iteration 12 finished Wed May 11 14:08:35 20225
