GAC       38.8727 -122.8629    0.0000    0.0000       0       2       0       0    0.0002    0.0000   1
GAX       38.7107 -122.7572    0.0000    0.0000       1       1       0       0    0.0028    0.0000   1
GBG       38.8143 -122.6827    0.0000    0.0000       1       0       0       0    0.0007    0.0000   1
GCV       38.7690 -123.0148    0.0000    0.0000       1       0       0       0    0.0009    0.0000   1
GCVB      38.7693 -123.0149    0.0000    0.0000       1       1       0       0    0.0016    0.0000   1
GCW       39.1308 -123.0771    0.0000    0.0000       3       1       0       0    0.0021    0.0000   1
GDC       38.7678 -123.2396    0.0000    0.0000       3       3       0       0    0.0026    0.0000   1
GGP       38.7643 -122.8453    0.0000    0.0000       3       2       0       0    0.0034    0.0000   1
GGU       38.8564 -123.4982    0.0000    0.0000       1       1       0       0    0.0027    0.0000   1
GHC       38.6060 -123.1978    0.0000    0.0000       1       2       0       0    0.0024    0.0000   1
GHG       39.1281 -122.8245    0.0000   -0.0000       1       2       0       0    0.0024    0.0000   1
GHL       39.0406 -123.0194    0.0000    0.0000       5       6       0       0    0.0023    0.0000   1
GHO       39.0445 -123.5411    0.0000    0.0000       1       1       0       0    0.0013    0.0000   1
GHV       39.0853 -122.7359    0.0000    0.0000       1       1       0       0    0.0011    0.0000   1
GMC       38.7929 -123.1279    0.0000   -0.0000       1       1       0       0    0.0022    0.0000   1
GMK       38.9696 -122.7877    0.0000    0.0000       1       1       0       0    0.0012    0.0000   1
GPM       38.8450 -122.9464    0.0000    0.0000       1       1       0       0    0.0002    0.0000   1
GSG       38.8663 -122.7109    0.0000    0.0000       1       1       0       0    0.0026    0.0000   1
GSN       38.9404 -123.1925    0.0000    0.0000       6       6       0       0    0.0019    0.0000   1
GSS       38.7021 -123.0143    0.0000    0.0000       3       3       0       0    0.0024    0.0000   1
GWR       39.2058 -123.3011    0.0000    0.0000       2       2       0       0    0.0011    0.0000   1
NEA       38.3099 -122.9430    0.0000    0.0000       1       0       0       0    0.0024    0.0000   1
NFR       38.5227 -123.1621    0.0000    0.0000       1       1       0       0    0.0006    0.0000   1
NMC       38.5909 -122.9129    0.0000    0.0000       6       3       0       0    0.0017    0.0000   1
NMW       38.5503 -122.7232    0.0000    0.0000       0       1       0       0    0.0018    0.0000   1
